<?xml version="1.0" encoding="UTF-8"?>
<testng-results skipped="0" failed="0" total="1" passed="1">
  <reporter-output>
  </reporter-output>
  <suite name="Default suite" duration-ms="84128" started-at="2020-10-14T16:57:30Z" finished-at="2020-10-14T16:58:54Z">
    <groups>
    </groups>
    <test name="Default test" duration-ms="84128" started-at="2020-10-14T16:57:30Z" finished-at="2020-10-14T16:58:54Z">
      <class name="com.Hybrid.POM.qa.TestSuite.LoginTest">
        <test-method status="PASS" signature="initialize()[pri:0, instance:com.Hybrid.POM.qa.TestSuite.LoginTest@97e1986]" name="initialize" is-config="true" duration-ms="188" started-at="2020-10-14T22:27:30Z" finished-at="2020-10-14T22:27:30Z">
          <reporter-output>
          </reporter-output>
        </test-method> <!-- initialize -->
        <test-method status="PASS" signature="login()[pri:0, instance:com.Hybrid.POM.qa.TestSuite.LoginTest@97e1986]" name="login" duration-ms="82521" started-at="2020-10-14T22:27:30Z" finished-at="2020-10-14T22:28:53Z">
          <reporter-output>
          </reporter-output>
        </test-method> <!-- login -->
        <test-method status="PASS" signature="teardown()[pri:0, instance:com.Hybrid.POM.qa.TestSuite.LoginTest@97e1986]" name="teardown" is-config="true" duration-ms="1398" started-at="2020-10-14T22:28:53Z" finished-at="2020-10-14T22:28:54Z">
          <reporter-output>
          </reporter-output>
        </test-method> <!-- teardown -->
      </class> <!-- com.Hybrid.POM.qa.TestSuite.LoginTest -->
    </test> <!-- Default test -->
  </suite> <!-- Default suite -->
</testng-results>
