<?xml version="1.0" encoding="UTF-8"?>
<!-- Generated by org.testng.reporters.JUnitXMLReporter -->
<testsuite hostname="LAPTOP-64Q437SJ" tests="3" failures="3" timestamp="19 Sep 2020 13:23:07 GMT" time="14.422" errors="0">
  <testcase name="@BeforeMethod setup" time="0.0" classname="LoginPageTest">
    <failure type="org.openqa.selenium.SessionNotCreatedException" message="session not created
from chrome not reachable
  (Session info: chrome=85.0.4183.102)
Build info: version: &amp;apos;4.0.0-alpha-5&amp;apos;, revision: &amp;apos;b3a0d621cc&amp;apos;
System info: host: &amp;apos;LAPTOP-64Q437SJ&amp;apos;, ip: &amp;apos;192.168.0.105&amp;apos;, os.name: &amp;apos;Windows 10&amp;apos;, os.arch: &amp;apos;amd64&amp;apos;, os.version: &amp;apos;10.0&amp;apos;, java.version: &amp;apos;1.8.0_261&amp;apos;
Driver info: driver.version: ChromeDriver
remote stacktrace: Backtrace:
	Ordinal0 [0x010187E3+2852835]
	Ordinal0 [0x00F05BB1+1727409]
	Ordinal0 [0x00DDE362+516962]
	Ordinal0 [0x00DD7D82+490882]
	Ordinal0 [0x00DD846B+492651]
	Ordinal0 [0x00DD93C5+496581]
	Ordinal0 [0x00DD4D64+478564]
	Ordinal0 [0x00DDF300+520960]
	Ordinal0 [0x00D8E489+189577]
	Ordinal0 [0x00D8D7FD+186365]
	Ordinal0 [0x00D8B70B+177931]
	Ordinal0 [0x00D72584+75140]
	Ordinal0 [0x00D73650+79440]
	Ordinal0 [0x00D735E9+79337]
	Ordinal0 [0x00F1AD5C+1813852]
	GetHandleVerifier [0x0113C616+1075574]
	GetHandleVerifier [0x0113C367+1074887]
	GetHandleVerifier [0x01147497+1120247]
	GetHandleVerifier [0x0113CC16+1077110]
	Ordinal0 [0x00F13206+1782278]
	Ordinal0 [0x00F1C3BB+1819579]
	Ordinal0 [0x00F1C523+1819939]
	Ordinal0 [0x00F32B45+1911621]
	BaseThreadInitThunk [0x773E6359+25]
	RtlGetAppContainerNamedObjectPath [0x77567C24+228]
	RtlGetAppContainerNamedObjectPath [0x77567BF4+180]
">
      <![CDATA[org.openqa.selenium.SessionNotCreatedException: session not created
from chrome not reachable
  (Session info: chrome=85.0.4183.102)
Build info: version: '4.0.0-alpha-5', revision: 'b3a0d621cc'
System info: host: 'LAPTOP-64Q437SJ', ip: '192.168.0.105', os.name: 'Windows 10', os.arch: 'amd64', os.version: '10.0', java.version: '1.8.0_261'
Driver info: driver.version: ChromeDriver
remote stacktrace: Backtrace:
	Ordinal0 [0x010187E3+2852835]
	Ordinal0 [0x00F05BB1+1727409]
	Ordinal0 [0x00DDE362+516962]
	Ordinal0 [0x00DD7D82+490882]
	Ordinal0 [0x00DD846B+492651]
	Ordinal0 [0x00DD93C5+496581]
	Ordinal0 [0x00DD4D64+478564]
	Ordinal0 [0x00DDF300+520960]
	Ordinal0 [0x00D8E489+189577]
	Ordinal0 [0x00D8D7FD+186365]
	Ordinal0 [0x00D8B70B+177931]
	Ordinal0 [0x00D72584+75140]
	Ordinal0 [0x00D73650+79440]
	Ordinal0 [0x00D735E9+79337]
	Ordinal0 [0x00F1AD5C+1813852]
	GetHandleVerifier [0x0113C616+1075574]
	GetHandleVerifier [0x0113C367+1074887]
	GetHandleVerifier [0x01147497+1120247]
	GetHandleVerifier [0x0113CC16+1077110]
	Ordinal0 [0x00F13206+1782278]
	Ordinal0 [0x00F1C3BB+1819579]
	Ordinal0 [0x00F1C523+1819939]
	Ordinal0 [0x00F32B45+1911621]
	BaseThreadInitThunk [0x773E6359+25]
	RtlGetAppContainerNamedObjectPath [0x77567C24+228]
	RtlGetAppContainerNamedObjectPath [0x77567BF4+180]

	at org.openqa.selenium.remote.W3CHandshakeResponse.lambda$errorHandler$0(W3CHandshakeResponse.java:62)
	at org.openqa.selenium.remote.HandshakeResponse.lambda$getResponseFunction$0(HandshakeResponse.java:30)
	at org.openqa.selenium.remote.ProtocolHandshake.lambda$createSession$1(ProtocolHandshake.java:126)
	at java.util.stream.ReferencePipeline$3$1.accept(Unknown Source)
	at java.util.Spliterators$ArraySpliterator.tryAdvance(Unknown Source)
	at java.util.stream.ReferencePipeline.forEachWithCancel(Unknown Source)
	at java.util.stream.AbstractPipeline.copyIntoWithCancel(Unknown Source)
	at java.util.stream.AbstractPipeline.copyInto(Unknown Source)
	at java.util.stream.AbstractPipeline.wrapAndCopyInto(Unknown Source)
	at java.util.stream.FindOps$FindOp.evaluateSequential(Unknown Source)
	at java.util.stream.AbstractPipeline.evaluate(Unknown Source)
	at java.util.stream.ReferencePipeline.findFirst(Unknown Source)
	at org.openqa.selenium.remote.ProtocolHandshake.createSession(ProtocolHandshake.java:128)
	at org.openqa.selenium.remote.ProtocolHandshake.createSession(ProtocolHandshake.java:75)
	at org.openqa.selenium.remote.HttpCommandExecutor.execute(HttpCommandExecutor.java:139)
	at org.openqa.selenium.remote.service.DriverCommandExecutor.execute(DriverCommandExecutor.java:83)
	at org.openqa.selenium.remote.RemoteWebDriver.execute(RemoteWebDriver.java:582)
	at org.openqa.selenium.remote.RemoteWebDriver.startSession(RemoteWebDriver.java:216)
	at org.openqa.selenium.remote.RemoteWebDriver.<init>(RemoteWebDriver.java:136)
	at org.openqa.selenium.chromium.ChromiumDriver.<init>(ChromiumDriver.java:75)
	at org.openqa.selenium.chrome.ChromeDriver.<init>(ChromeDriver.java:163)
	at org.openqa.selenium.chrome.ChromeDriver.<init>(ChromeDriver.java:150)
	at org.openqa.selenium.chrome.ChromeDriver.<init>(ChromeDriver.java:105)
	at com.crm.qa.Base.TestBase.initialise(TestBase.java:54)
	at LoginPageTest.setup(LoginPageTest.java:23)
... Removed 30 stack frames]]>
    </failure>
  </testcase> <!-- @BeforeMethod setup -->
  <testcase name="@AfterMethod teardown" time="0.0" classname="LoginPageTest">
    <skipped/>
  </testcase> <!-- @AfterMethod teardown -->
  <testcase name="@BeforeMethod setup" time="0.0" classname="LoginPageTest">
    <skipped/>
  </testcase> <!-- @BeforeMethod setup -->
  <testcase name="@AfterMethod teardown" time="0.0" classname="LoginPageTest">
    <skipped/>
  </testcase> <!-- @AfterMethod teardown -->
  <testcase name="@BeforeMethod setup" time="0.0" classname="LoginPageTest">
    <skipped/>
  </testcase> <!-- @BeforeMethod setup -->
  <testcase name="@AfterMethod teardown" time="0.0" classname="LoginPageTest">
    <skipped/>
  </testcase> <!-- @AfterMethod teardown -->
  <testcase name="pagetitletest" time="0.001" classname="LoginPageTest">
    <failure type="java.lang.NullPointerException">
      <![CDATA[java.lang.NullPointerException
	at com.qa.ExtentReportListner.ExtentReportListner.onTestStart(ExtentReportListner.java:51)
... Removed 21 stack frames]]>
    </failure>
  </testcase> <!-- pagetitletest -->
  <testcase name="CRMlogoimgtest" time="0.0" classname="LoginPageTest">
    <failure type="java.lang.NullPointerException">
      <![CDATA[java.lang.NullPointerException
	at com.qa.ExtentReportListner.ExtentReportListner.onTestStart(ExtentReportListner.java:51)
... Removed 21 stack frames]]>
    </failure>
  </testcase> <!-- CRMlogoimgtest -->
  <testcase name="logintest" time="0.001" classname="LoginPageTest">
    <failure type="java.lang.NullPointerException">
      <![CDATA[java.lang.NullPointerException
	at com.qa.ExtentReportListner.ExtentReportListner.onTestStart(ExtentReportListner.java:51)
... Removed 21 stack frames]]>
    </failure>
  </testcase> <!-- logintest -->
</testsuite>
